1921_10_c01: 9.417335697583634E8
1921_10_c02: 9.524078033129215E8
1921_10_c03: 9.524078033129215E8
1921_11_c01: 9.570370683634152E8
1921_11_c02: 9.658696402392292E8
1921_11_c03: 9.684134364954908E8
1921_12_c01: 9.19441729828593E8
1921_12_c02: 9.393782086380376E8
1921_12_c03: 9.393782086366696E8
1922_01_c01: 8.979155981499382E8
1922_01_c02: 9.140671009253324E8
1922_01_c03: 9.058421331343436E8
1922_02_c01: 9.535888090544859E8
1922_02_c02: 9.968947007791675E8
1922_02_c03: 9.829266707577368E8
1922_03_c01: 9.314630262043098E8
1922_03_c02: 9.601513703564368E8
1922_03_c03: 9.488649624030571E8
1922_04_c01: 9.641567406280615E8
1922_04_c02: 1.0030904817024035E9
1922_04_c03: 9.748512647224731E8
1922_05_c01: 9.052687203374069E8
1922_05_c02: 9.779245783894683E8
1922_05_c03: 9.479854971086648E8
1922_06_c01: 1.0221342743520472E9
1922_06_c02: 1.0670455716503471E9
1922_06_c03: 1.0650794814548805E9
1922_07_c01: 1.0490867401158202E9
1922_07_c02: 1.0746126881647117E9
1922_07_c03: 1.0746126881647115E9
1922_08_c01: 9.768632929943151E8
1922_08_c02: 1.0136813831455376E9
1922_08_c03: 1.0136813831455771E9
1922_09_c01: 1.0336253546009337E9
1922_09_c02: 1.0608901675670079E9
1922_09_c03: 1.0608901675670038E9
1922_10_c01: 9.526492132776061E8
1922_10_c02: 9.613102822279973E8
1922_10_c03: 9.613102822279974E8
1922_11_c01: 9.945110017998348E8
1922_11_c02: 1.0117284395803609E9
1922_11_c03: 1.0139601352812068E9
1922_12_c01: 8.819054776139195E8
1922_12_c02: 9.227132857272973E8
1922_12_c03: 9.120389392057458E8
1923_01_c01: 8.57461925508661E8
1923_01_c02: 8.943342047564205E8
1923_01_c03: 8.797709279238123E8
1923_02_c01: 1.0466031414382557E9
1923_02_c02: 1.0543944942692031E9
1923_02_c03: 1.054846392032883E9
1923_03_c01: 9.405409835969179E8
1923_03_c02: 9.456912063963698E8
1923_03_c03: 9.456912063963699E8
1923_04_c01: 9.32210912485864E8
1923_04_c02: 9.598080163487514E8
1923_04_c03: 9.461985725678462E8
1923_05_c01: 1.0640914540316858E9
1923_05_c02: 1.0894946195649865E9
1923_05_c03: 1.064368309737043E9
1923_06_c01: 1.0592419423469635E9
1923_06_c02: 1.0874996392575605E9
1923_06_c03: 1.073593325739869E9
1923_07_c01: 1.0342332820878838E9
1923_07_c02: 1.0651771955521643E9
1923_07_c03: 1.0651771955521528E9
1923_08_c01: 9.777492875988503E8
1923_08_c02: 1.0098650199709345E9
1923_08_c03: 1.0098650199709344E9
1923_09_c01: 9.51529596273891E8
1923_09_c02: 9.831169436213909E8
1923_09_c03: 9.831169436214552E8
1923_10_c01: 9.393913766358742E8
1923_10_c02: 9.552432595120865E8
1923_10_c03: 9.564231136395804E8
1923_11_c01: 9.551920645113885E8
1923_11_c02: 9.708150367428138E8
1923_11_c03: 9.708150367428087E8
1923_12_c01: 9.289699157967446E8
1923_12_c02: 9.440200182262217E8
1923_12_c03: 9.440200182261066E8
1924_01_c01: 8.838814232138695E8
1924_01_c02: 8.958436561584345E8
1924_01_c03: 8.945407112991917E8
1924_02_c01: 9.533300361448414E8
1924_02_c02: 9.645557787801231E8
1924_02_c03: 9.565188392239093E8
1924_03_c01: 9.126094029392161E8
1924_03_c02: 9.126441659196966E8
1924_03_c03: 9.12644165919691E8
1924_04_c01: 9.761360005108325E8
1924_04_c02: 9.783260793659593E8
1924_04_c03: 9.763423796204494E8
1924_05_c01: 9.96617489651191E8
1924_05_c02: 1.0011351935220182E9
1924_05_c03: 9.972455814644061E8
1924_06_c01: 1.0229992203233026E9
1924_06_c02: 1.0281971701566849E9
1924_06_c03: 1.0212851382893797E9
1924_07_c01: 9.752132522761338E8
1924_07_c02: 9.797128167499181E8
1924_07_c03: 9.797350110342696E8
1924_08_c01: 9.368459311201823E8
1924_08_c02: 9.395805378894153E8
1924_08_c03: 9.395805378894151E8
1924_09_c01: 9.29284968668225E8
1924_09_c02: 9.322149549230641E8
1924_09_c03: 9.322149549230603E8
