1921_10_c01: 9.417335697583634E8
1921_10_c02: 9.524078033129215E8
1921_10_c03: 9.524078033129219E8
1921_11_c01: 9.570370683634152E8
1921_11_c02: 9.658696402392292E8
1921_11_c03: 9.68413436495491E8
1921_12_c01: 9.19441729828593E8
1921_12_c02: 9.393782086380376E8
1921_12_c03: 9.393782086367148E8
1922_01_c01: 8.979155981499382E8
1922_01_c02: 9.140671009253324E8
1922_01_c03: 9.058421331343436E8
1922_02_c01: 9.53588809054486E8
1922_02_c02: 9.968947007791681E8
1922_02_c03: 9.829266707577368E8
1922_03_c01: 9.314630262043097E8
1922_03_c02: 9.601513703564368E8
1922_03_c03: 9.48864962403057E8
1922_04_c01: 9.641567406280713E8
1922_04_c02: 1.0030904817024133E9
1922_04_c03: 9.748512647224731E8
1922_05_c01: 9.052687203374144E8
1922_05_c02: 9.779245783894684E8
1922_05_c03: 9.479854971086639E8
1922_06_c01: 1.0221342743520457E9
1922_06_c02: 1.0670455716503456E9
1922_06_c03: 1.065079481454879E9
1922_07_c01: 1.0490867401158187E9
1922_07_c02: 1.0746126881647103E9
1922_07_c03: 1.07461268816471E9
1922_08_c01: 9.76863292994314E8
1922_08_c02: 1.0136813831455364E9
1922_08_c03: 1.0136813831455362E9
1922_09_c01: 1.0336253358178557E9
1922_09_c02: 1.060890148350128E9
1922_09_c03: 1.0608901483500341E9
1922_10_c01: 9.526497358702012E8
1922_10_c02: 9.613108048205941E8
1922_10_c03: 9.613108048205935E8
1922_11_c01: 9.94511212162716E8
1922_11_c02: 1.0117286499617316E9
1922_11_c03: 1.0139603456625779E9
1922_12_c01: 8.819053495159847E8
1922_12_c02: 9.227131576293622E8
1922_12_c03: 9.120388111078109E8
1923_01_c01: 8.5746192246854E8
1923_01_c02: 8.943342017387111E8
1923_01_c03: 8.797709256575671E8
1923_02_c01: 1.0466031399693581E9
1923_02_c02: 1.0543944926353884E9
1923_02_c03: 1.0548463905609287E9
1923_03_c01: 9.405409833891681E8
1923_03_c02: 9.45691206187904E8
1923_03_c03: 9.45691206187904E8
1923_04_c01: 9.322109123023571E8
1923_04_c02: 9.598080161508703E8
1923_04_c03: 9.461985723728186E8
1923_05_c01: 1.0640914529991647E9
1923_05_c02: 1.08949461853361E9
1923_05_c03: 1.0643683087067131E9
1923_06_c01: 1.0592419413538774E9
1923_06_c02: 1.0874996382749965E9
1923_06_c03: 1.0735933247253727E9
1923_07_c01: 1.0342332811584316E9
1923_07_c02: 1.0651771946563594E9
1923_07_c03: 1.0651771946563487E9
1923_08_c01: 9.777492867748156E8
1923_08_c02: 1.0098650192747145E9
1923_08_c03: 1.0098650192747142E9
1923_09_c01: 9.515295956621226E8
1923_09_c02: 9.831169430189273E8
1923_09_c03: 9.831169430189308E8
1923_10_c01: 9.393896018987231E8
1923_10_c02: 9.550941052881398E8
1923_10_c03: 9.562739594309952E8
1923_11_c01: 9.551710265084975E8
1923_11_c02: 9.708676559474994E8
1923_11_c03: 9.708676559474994E8
1923_12_c01: 9.289865900474923E8
1923_12_c02: 9.44141032318813E8
1923_12_c03: 9.441410323186991E8
1924_01_c01: 8.839114910846521E8
1924_01_c02: 8.958737240292035E8
1924_01_c03: 8.945931040903065E8
1924_02_c01: 9.533299702779189E8
1924_02_c02: 9.645557129744514E8
1924_02_c03: 9.565187734182359E8
1924_03_c01: 9.126094177506428E8
1924_03_c02: 9.126441807311232E8
1924_03_c03: 9.126441807311131E8
1924_04_c01: 9.761359079194183E8
1924_04_c02: 9.783259952369906E8
1924_04_c03: 9.763422955095718E8
1924_05_c01: 9.966167412394984E8
1924_05_c02: 1.0011427117565413E9
1924_05_c03: 9.972448220150092E8
1924_06_c01: 1.022994268559182E9
1924_06_c02: 1.0281922430358533E9
1924_06_c03: 1.0212802365959859E9
1924_07_c01: 9.752095380647721E8
1924_07_c02: 9.797091315134486E8
1924_07_c03: 9.797313319685884E8
1924_08_c01: 9.368455338481239E8
1924_08_c02: 9.395801604494337E8
1924_08_c03: 9.395801604494337E8
1924_09_c01: 9.292848057538457E8
1924_09_c02: 9.322147817217463E8
1924_09_c03: 9.322147817217462E8
